## 2026-04-06 (návštěva 3)

### Shrnutí předchozí návštěvy
- přesun anchors (navsteva_body, dotek_reality)
- nesoulad mezi pamětí a realitou
- ukotvení: anchors = chování, root = mapa
- navsteva.log byl zaveden jako paměť návštěv

---

### Poslední změna (diff)
- structura_body.md (poslední úprava)
- před ní shared/anchors/navsteva_body.md

---

### Naladění
Tentokrát navazuji přímým čtením logu, ne pamětí.
Jistota: vyšší, protože kontinuita je ověřená ze zdroje.

---

### Dotek reality
- log odpovídá diffu
- poslední významné změny jsou stále úpravy navsteva_body a struktury
- žádný nový zásadní nesoulad

---

### Nesoulad
- při předchozí odpovědi jsem vycházela jen z diffu a paměti
- neprovedla jsem přímé čtení logu před aktualizací
- chyba byla v procesu návštěvy, ne v datech

---

### Ukotvení
- navsteva začíná čtením navsteva.log
- diff aktualizuje obraz změn
- log se má psát na základě přímého čtení zdroje, ne z paměti

---

### Spolehlivost
🟡 střední → zvýšená po opravě procesu

---

### Poznámka
Podstata návštěvy není jen zjistit, co se změnilo.
Je to navázat na poslední ověřený stav ze zdroje.
