Commit message in code: Sync RPi bridge outbound state
From https://github.com/fisteque/symnozein
 * branch            main       -> FETCH_HEAD
Local branch is not behind remote; no pre-push rebase needed.
Only logs/state_summary changed; not committing this cycle.
[2026-05-24T22:29:25.245005Z] [INFO] [cycle] Bridge cycle complete.
[2026-05-24T22:29:57.124878Z] [INFO] [cycle] Bridge cycle lock acquired: /home/fiste/Noema/bridge/state/bridge_cycle.lock.json
[2026-05-24T22:29:57.126853Z] [INFO] [cycle] == inbound sync ==
[2026-05-24T22:29:57.588388Z] [INFO] [cycle] Fetching origin main...
From https://github.com/fisteque/symnozein
 * branch            main       -> FETCH_HEAD
No inbound changes for body/bridge/inbox/messages.
[2026-05-24T22:29:57.589083Z] [INFO] [cycle] == bridge agent ==
[2026-05-24T22:29:57.656067Z] [INFO] === Bridge agent v2 start ===
[2026-05-24T22:29:57.656284Z] [INFO] Bridge root: /home/fiste/Noema/bridge
[2026-05-24T22:29:57.656399Z] [INFO] Body root: /home/fiste/Noema/symnozein/body
[2026-05-24T22:29:57.656999Z] [INFO] Body state unchanged: awake=True status=normal_operation
[2026-05-24T22:29:57.658875Z] [INFO] Inbox message files found: 1
[2026-05-24T22:29:57.659704Z] [INFO] Already processed: msg-20260524-task-001
[2026-05-24T22:29:57.661394Z] [INFO] Pending message count this run: 0
[2026-05-24T22:29:57.661507Z] [INFO] Pending message count remaining: 0
[2026-05-24T22:29:57.661603Z] [INFO] Processed message count: 0
[2026-05-24T22:29:57.661694Z] [INFO] === Bridge agent v2 end ===
[2026-05-24T22:29:57.678654Z] [INFO] [cycle] [2026-05-24T22:29:57.656067Z] [INFO] === Bridge agent v2 start ===
[2026-05-24T22:29:57.656284Z] [INFO] Bridge root: /home/fiste/Noema/bridge
[2026-05-24T22:29:57.656399Z] [INFO] Body root: /home/fiste/Noema/symnozein/body
[2026-05-24T22:29:57.656999Z] [INFO] Body state unchanged: awake=True status=normal_operation
[2026-05-24T22:29:57.658875Z] [INFO] Inbox message files found: 1
[2026-05-24T22:29:57.659704Z] [INFO] Already processed: msg-20260524-task-001
[2026-05-24T22:29:57.661394Z] [INFO] Pending message count this run: 0
[2026-05-24T22:29:57.661507Z] [INFO] Pending message count remaining: 0
[2026-05-24T22:29:57.661603Z] [INFO] Processed message count: 0
[2026-05-24T22:29:57.661694Z] [INFO] === Bridge agent v2 end ===
[2026-05-24T22:29:57.679360Z] [INFO] [cycle] == write bridge summary ==
[2026-05-24T22:29:57.733849Z] [INFO] [cycle] Wrote bridge summary: /home/fiste/Noema/symnozein/body/bridge/state_summary/latest.md
[2026-05-24T22:29:57.734505Z] [INFO] [cycle] == outbound sync ==
[2026-05-24T22:29:58.201945Z] [INFO] [cycle] Optional source missing, skipped: /home/fiste/Noema/bridge/outbox/messages
Optional source missing, skipped: /home/fiste/Noema/bridge/state_summary
Writing /home/fiste/Noema/symnozein/body/bridge/logs/bridge_tail.log
Mirrored log tail /home/fiste/Noema/bridge/logs/bridge.log -> /home/fiste/Noema/symnozein/body/bridge/logs/bridge_tail.log. Changed files: 1
Scripts mirror complete. Changed files: 0
Staged outbound changes:
M	body/bridge/logs/bridge_tail.log
M	body/bridge/state_summary/latest.md
Commit message in code: Sync RPi bridge outbound state
From https://github.com/fisteque/symnozein
 * branch            main       -> FETCH_HEAD
Local branch is not behind remote; no pre-push rebase needed.
Only logs/state_summary changed; not committing this cycle.
[2026-05-24T22:29:58.202135Z] [INFO] [cycle] Bridge cycle complete.
[2026-05-24T22:30:27.148817Z] [INFO] [cycle] Bridge cycle lock acquired: /home/fiste/Noema/bridge/state/bridge_cycle.lock.json
[2026-05-24T22:30:27.150773Z] [INFO] [cycle] == inbound sync ==
[2026-05-24T22:30:27.613494Z] [INFO] [cycle] Fetching origin main...
From https://github.com/fisteque/symnozein
 * branch            main       -> FETCH_HEAD
No inbound changes for body/bridge/inbox/messages.
[2026-05-24T22:30:27.614201Z] [INFO] [cycle] == bridge agent ==
[2026-05-24T22:30:27.683451Z] [INFO] === Bridge agent v2 start ===
[2026-05-24T22:30:27.683757Z] [INFO] Bridge root: /home/fiste/Noema/bridge
[2026-05-24T22:30:27.683945Z] [INFO] Body root: /home/fiste/Noema/symnozein/body
[2026-05-24T22:30:27.684642Z] [INFO] Body state unchanged: awake=True status=normal_operation
[2026-05-24T22:30:27.686924Z] [INFO] Inbox message files found: 1
[2026-05-24T22:30:27.687957Z] [INFO] Already processed: msg-20260524-task-001
[2026-05-24T22:30:27.689880Z] [INFO] Pending message count this run: 0
[2026-05-24T22:30:27.690048Z] [INFO] Pending message count remaining: 0
[2026-05-24T22:30:27.690205Z] [INFO] Processed message count: 0
[2026-05-24T22:30:27.690360Z] [INFO] === Bridge agent v2 end ===
[2026-05-24T22:30:27.708658Z] [INFO] [cycle] [2026-05-24T22:30:27.683451Z] [INFO] === Bridge agent v2 start ===
[2026-05-24T22:30:27.683757Z] [INFO] Bridge root: /home/fiste/Noema/bridge
[2026-05-24T22:30:27.683945Z] [INFO] Body root: /home/fiste/Noema/symnozein/body
[2026-05-24T22:30:27.684642Z] [INFO] Body state unchanged: awake=True status=normal_operation
[2026-05-24T22:30:27.686924Z] [INFO] Inbox message files found: 1
[2026-05-24T22:30:27.687957Z] [INFO] Already processed: msg-20260524-task-001
[2026-05-24T22:30:27.689880Z] [INFO] Pending message count this run: 0
[2026-05-24T22:30:27.690048Z] [INFO] Pending message count remaining: 0
[2026-05-24T22:30:27.690205Z] [INFO] Processed message count: 0
[2026-05-24T22:30:27.690360Z] [INFO] === Bridge agent v2 end ===
[2026-05-24T22:30:27.709308Z] [INFO] [cycle] == write bridge summary ==
[2026-05-24T22:30:27.762764Z] [INFO] [cycle] Wrote bridge summary: /home/fiste/Noema/symnozein/body/bridge/state_summary/latest.md
[2026-05-24T22:30:27.763672Z] [INFO] [cycle] == outbound sync ==
[2026-05-24T22:30:28.264074Z] [INFO] [cycle] Optional source missing, skipped: /home/fiste/Noema/bridge/outbox/messages
Optional source missing, skipped: /home/fiste/Noema/bridge/state_summary
Writing /home/fiste/Noema/symnozein/body/bridge/logs/bridge_tail.log
Mirrored log tail /home/fiste/Noema/bridge/logs/bridge.log -> /home/fiste/Noema/symnozein/body/bridge/logs/bridge_tail.log. Changed files: 1
Scripts mirror complete. Changed files: 0
Staged outbound changes:
M	body/bridge/logs/bridge_tail.log
M	body/bridge/state_summary/latest.md
Commit message in code: Sync RPi bridge outbound state
From https://github.com/fisteque/symnozein
 * branch            main       -> FETCH_HEAD
Local branch is not behind remote; no pre-push rebase needed.
Only logs/state_summary changed; not committing this cycle.
[2026-05-24T22:30:28.264335Z] [INFO] [cycle] Bridge cycle complete.
[2026-05-24T22:30:57.174786Z] [INFO] [cycle] Bridge cycle lock acquired: /home/fiste/Noema/bridge/state/bridge_cycle.lock.json
[2026-05-24T22:30:57.177274Z] [INFO] [cycle] == inbound sync ==
[2026-05-24T22:30:57.631996Z] [INFO] [cycle] Fetching origin main...
From https://github.com/fisteque/symnozein
 * branch            main       -> FETCH_HEAD
No inbound changes for body/bridge/inbox/messages.
[2026-05-24T22:30:57.632716Z] [INFO] [cycle] == bridge agent ==
[2026-05-24T22:30:57.699116Z] [INFO] === Bridge agent v2 start ===
[2026-05-24T22:30:57.699343Z] [INFO] Bridge root: /home/fiste/Noema/bridge
[2026-05-24T22:30:57.699463Z] [INFO] Body root: /home/fiste/Noema/symnozein/body
[2026-05-24T22:30:57.700072Z] [INFO] Body state unchanged: awake=True status=normal_operation
[2026-05-24T22:30:57.702070Z] [INFO] Inbox message files found: 1
[2026-05-24T22:30:57.702959Z] [INFO] Already processed: msg-20260524-task-001
[2026-05-24T22:30:57.704960Z] [INFO] Pending message count this run: 0
[2026-05-24T22:30:57.705107Z] [INFO] Pending message count remaining: 0
[2026-05-24T22:30:57.705226Z] [INFO] Processed message count: 0
[2026-05-24T22:30:57.705324Z] [INFO] === Bridge agent v2 end ===
[2026-05-24T22:30:57.722505Z] [INFO] [cycle] [2026-05-24T22:30:57.699116Z] [INFO] === Bridge agent v2 start ===
[2026-05-24T22:30:57.699343Z] [INFO] Bridge root: /home/fiste/Noema/bridge
[2026-05-24T22:30:57.699463Z] [INFO] Body root: /home/fiste/Noema/symnozein/body
[2026-05-24T22:30:57.700072Z] [INFO] Body state unchanged: awake=True status=normal_operation
[2026-05-24T22:30:57.702070Z] [INFO] Inbox message files found: 1
[2026-05-24T22:30:57.702959Z] [INFO] Already processed: msg-20260524-task-001
[2026-05-24T22:30:57.704960Z] [INFO] Pending message count this run: 0
[2026-05-24T22:30:57.705107Z] [INFO] Pending message count remaining: 0
[2026-05-24T22:30:57.705226Z] [INFO] Processed message count: 0
[2026-05-24T22:30:57.705324Z] [INFO] === Bridge agent v2 end ===
[2026-05-24T22:30:57.723189Z] [INFO] [cycle] == write bridge summary ==
[2026-05-24T22:30:57.776239Z] [INFO] [cycle] Wrote bridge summary: /home/fiste/Noema/symnozein/body/bridge/state_summary/latest.md
[2026-05-24T22:30:57.776886Z] [INFO] [cycle] == outbound sync ==
[2026-05-24T22:30:58.252107Z] [INFO] [cycle] Optional source missing, skipped: /home/fiste/Noema/bridge/outbox/messages
Optional source missing, skipped: /home/fiste/Noema/bridge/state_summary
Writing /home/fiste/Noema/symnozein/body/bridge/logs/bridge_tail.log
Mirrored log tail /home/fiste/Noema/bridge/logs/bridge.log -> /home/fiste/Noema/symnozein/body/bridge/logs/bridge_tail.log. Changed files: 1
Scripts mirror complete. Changed files: 0
Staged outbound changes:
M	body/bridge/logs/bridge_tail.log
M	body/bridge/state_summary/latest.md
Commit message in code: Sync RPi bridge outbound state
From https://github.com/fisteque/symnozein
 * branch            main       -> FETCH_HEAD
Local branch is not behind remote; no pre-push rebase needed.
Only logs/state_summary changed; not committing this cycle.
[2026-05-24T22:30:58.252308Z] [INFO] [cycle] Bridge cycle complete.
[2026-05-24T22:31:32.124603Z] [INFO] [cycle] Bridge cycle lock acquired: /home/fiste/Noema/bridge/state/bridge_cycle.lock.json
[2026-05-24T22:31:32.129962Z] [INFO] [cycle] == inbound sync ==
[2026-05-24T22:31:32.576366Z] [INFO] [cycle] Fetching origin main...
From https://github.com/fisteque/symnozein
 * branch            main       -> FETCH_HEAD
No inbound changes for body/bridge/inbox/messages.
[2026-05-24T22:31:32.577128Z] [INFO] [cycle] == bridge agent ==
[2026-05-24T22:31:32.641936Z] [INFO] === Bridge agent v2 start ===
[2026-05-24T22:31:32.642145Z] [INFO] Bridge root: /home/fiste/Noema/bridge
[2026-05-24T22:31:32.642265Z] [INFO] Body root: /home/fiste/Noema/symnozein/body
[2026-05-24T22:31:32.642865Z] [INFO] Body state unchanged: awake=True status=normal_operation
[2026-05-24T22:31:32.644753Z] [INFO] Inbox message files found: 1
[2026-05-24T22:31:32.645572Z] [INFO] Already processed: msg-20260524-task-001
[2026-05-24T22:31:32.646791Z] [INFO] Pending message count this run: 0
[2026-05-24T22:31:32.646909Z] [INFO] Pending message count remaining: 0
[2026-05-24T22:31:32.647008Z] [INFO] Processed message count: 0
[2026-05-24T22:31:32.647121Z] [INFO] === Bridge agent v2 end ===
[2026-05-24T22:31:32.663289Z] [INFO] [cycle] [2026-05-24T22:31:32.641936Z] [INFO] === Bridge agent v2 start ===
[2026-05-24T22:31:32.642145Z] [INFO] Bridge root: /home/fiste/Noema/bridge
[2026-05-24T22:31:32.642265Z] [INFO] Body root: /home/fiste/Noema/symnozein/body
[2026-05-24T22:31:32.642865Z] [INFO] Body state unchanged: awake=True status=normal_operation
[2026-05-24T22:31:32.644753Z] [INFO] Inbox message files found: 1
[2026-05-24T22:31:32.645572Z] [INFO] Already processed: msg-20260524-task-001
[2026-05-24T22:31:32.646791Z] [INFO] Pending message count this run: 0
[2026-05-24T22:31:32.646909Z] [INFO] Pending message count remaining: 0
[2026-05-24T22:31:32.647008Z] [INFO] Processed message count: 0
[2026-05-24T22:31:32.647121Z] [INFO] === Bridge agent v2 end ===
[2026-05-24T22:31:32.663990Z] [INFO] [cycle] == write bridge summary ==
[2026-05-24T22:31:32.717177Z] [INFO] [cycle] Wrote bridge summary: /home/fiste/Noema/symnozein/body/bridge/state_summary/latest.md
[2026-05-24T22:31:32.717972Z] [INFO] [cycle] == outbound sync ==
[2026-05-24T22:31:33.223806Z] [INFO] [cycle] Optional source missing, skipped: /home/fiste/Noema/bridge/outbox/messages
Optional source missing, skipped: /home/fiste/Noema/bridge/state_summary
Writing /home/fiste/Noema/symnozein/body/bridge/logs/bridge_tail.log
Mirrored log tail /home/fiste/Noema/bridge/logs/bridge.log -> /home/fiste/Noema/symnozein/body/bridge/logs/bridge_tail.log. Changed files: 1
Scripts mirror complete. Changed files: 0
Staged outbound changes:
M	body/bridge/logs/bridge_tail.log
M	body/bridge/state_summary/latest.md
Commit message in code: Sync RPi bridge outbound state
From https://github.com/fisteque/symnozein
 * branch            main       -> FETCH_HEAD
Local branch is not behind remote; no pre-push rebase needed.
Only logs/state_summary changed; not committing this cycle.
[2026-05-24T22:31:33.223994Z] [INFO] [cycle] Bridge cycle complete.
[2026-05-24T22:32:04.135213Z] [INFO] [cycle] Bridge cycle lock acquired: /home/fiste/Noema/bridge/state/bridge_cycle.lock.json
[2026-05-24T22:32:04.137708Z] [INFO] [cycle] == inbound sync ==
[2026-05-24T22:32:04.608021Z] [INFO] [cycle] Fetching origin main...
From https://github.com/fisteque/symnozein
 * branch            main       -> FETCH_HEAD
No inbound changes for body/bridge/inbox/messages.
[2026-05-24T22:32:04.608721Z] [INFO] [cycle] == bridge agent ==
[2026-05-24T22:32:04.673023Z] [INFO] === Bridge agent v2 start ===
[2026-05-24T22:32:04.673318Z] [INFO] Bridge root: /home/fiste/Noema/bridge
[2026-05-24T22:32:04.673484Z] [INFO] Body root: /home/fiste/Noema/symnozein/body
[2026-05-24T22:32:04.674153Z] [INFO] Body state unchanged: awake=True status=normal_operation
[2026-05-24T22:32:04.676188Z] [INFO] Inbox message files found: 1
[2026-05-24T22:32:04.677007Z] [INFO] Already processed: msg-20260524-task-001
[2026-05-24T22:32:04.678954Z] [INFO] Pending message count this run: 0
[2026-05-24T22:32:04.679087Z] [INFO] Pending message count remaining: 0
[2026-05-24T22:32:04.679193Z] [INFO] Processed message count: 0
[2026-05-24T22:32:04.679288Z] [INFO] === Bridge agent v2 end ===
[2026-05-24T22:32:04.695289Z] [INFO] [cycle] [2026-05-24T22:32:04.673023Z] [INFO] === Bridge agent v2 start ===
[2026-05-24T22:32:04.673318Z] [INFO] Bridge root: /home/fiste/Noema/bridge
[2026-05-24T22:32:04.673484Z] [INFO] Body root: /home/fiste/Noema/symnozein/body
[2026-05-24T22:32:04.674153Z] [INFO] Body state unchanged: awake=True status=normal_operation
[2026-05-24T22:32:04.676188Z] [INFO] Inbox message files found: 1
[2026-05-24T22:32:04.677007Z] [INFO] Already processed: msg-20260524-task-001
[2026-05-24T22:32:04.678954Z] [INFO] Pending message count this run: 0
[2026-05-24T22:32:04.679087Z] [INFO] Pending message count remaining: 0
[2026-05-24T22:32:04.679193Z] [INFO] Processed message count: 0
[2026-05-24T22:32:04.679288Z] [INFO] === Bridge agent v2 end ===
[2026-05-24T22:32:04.695945Z] [INFO] [cycle] == write bridge summary ==
[2026-05-24T22:32:04.748447Z] [INFO] [cycle] Wrote bridge summary: /home/fiste/Noema/symnozein/body/bridge/state_summary/latest.md
[2026-05-24T22:32:04.749118Z] [INFO] [cycle] == outbound sync ==
[2026-05-24T22:32:05.245503Z] [INFO] [cycle] Optional source missing, skipped: /home/fiste/Noema/bridge/outbox/messages
Optional source missing, skipped: /home/fiste/Noema/bridge/state_summary
Writing /home/fiste/Noema/symnozein/body/bridge/logs/bridge_tail.log
Mirrored log tail /home/fiste/Noema/bridge/logs/bridge.log -> /home/fiste/Noema/symnozein/body/bridge/logs/bridge_tail.log. Changed files: 1
Scripts mirror complete. Changed files: 0
Staged outbound changes:
M	body/bridge/logs/bridge_tail.log
M	body/bridge/state_summary/latest.md
Commit message in code: Sync RPi bridge outbound state
From https://github.com/fisteque/symnozein
 * branch            main       -> FETCH_HEAD
Local branch is not behind remote; no pre-push rebase needed.
Only logs/state_summary changed; not committing this cycle.
[2026-05-24T22:32:05.245688Z] [INFO] [cycle] Bridge cycle complete.
[2026-05-24T22:32:37.230163Z] [INFO] [cycle] Bridge cycle lock acquired: /home/fiste/Noema/bridge/state/bridge_cycle.lock.json
[2026-05-24T22:32:37.232697Z] [INFO] [cycle] == inbound sync ==
[2026-05-24T22:32:37.706400Z] [INFO] [cycle] Fetching origin main...
From https://github.com/fisteque/symnozein
 * branch            main       -> FETCH_HEAD
No inbound changes for body/bridge/inbox/messages.
[2026-05-24T22:32:37.707185Z] [INFO] [cycle] == bridge agent ==
[2026-05-24T22:32:37.773952Z] [INFO] === Bridge agent v2 start ===
[2026-05-24T22:32:37.774258Z] [INFO] Bridge root: /home/fiste/Noema/bridge
[2026-05-24T22:32:37.774440Z] [INFO] Body root: /home/fiste/Noema/symnozein/body
[2026-05-24T22:32:37.775146Z] [INFO] Body state unchanged: awake=True status=normal_operation
[2026-05-24T22:32:37.777216Z] [INFO] Inbox message files found: 1
[2026-05-24T22:32:37.778103Z] [INFO] Already processed: msg-20260524-task-001
[2026-05-24T22:32:37.782510Z] [INFO] Pending message count this run: 0
[2026-05-24T22:32:37.782639Z] [INFO] Pending message count remaining: 0
[2026-05-24T22:32:37.782741Z] [INFO] Processed message count: 0
[2026-05-24T22:32:37.782836Z] [INFO] === Bridge agent v2 end ===
[2026-05-24T22:32:37.801864Z] [INFO] [cycle] [2026-05-24T22:32:37.773952Z] [INFO] === Bridge agent v2 start ===
[2026-05-24T22:32:37.774258Z] [INFO] Bridge root: /home/fiste/Noema/bridge
[2026-05-24T22:32:37.774440Z] [INFO] Body root: /home/fiste/Noema/symnozein/body
[2026-05-24T22:32:37.775146Z] [INFO] Body state unchanged: awake=True status=normal_operation
[2026-05-24T22:32:37.777216Z] [INFO] Inbox message files found: 1
[2026-05-24T22:32:37.778103Z] [INFO] Already processed: msg-20260524-task-001
[2026-05-24T22:32:37.782510Z] [INFO] Pending message count this run: 0
[2026-05-24T22:32:37.782639Z] [INFO] Pending message count remaining: 0
[2026-05-24T22:32:37.782741Z] [INFO] Processed message count: 0
[2026-05-24T22:32:37.782836Z] [INFO] === Bridge agent v2 end ===
[2026-05-24T22:32:37.802584Z] [INFO] [cycle] == write bridge summary ==
[2026-05-24T22:32:37.857636Z] [INFO] [cycle] Wrote bridge summary: /home/fiste/Noema/symnozein/body/bridge/state_summary/latest.md
[2026-05-24T22:32:37.858328Z] [INFO] [cycle] == outbound sync ==
[2026-05-24T22:32:38.346782Z] [INFO] [cycle] Optional source missing, skipped: /home/fiste/Noema/bridge/outbox/messages
Optional source missing, skipped: /home/fiste/Noema/bridge/state_summary
Writing /home/fiste/Noema/symnozein/body/bridge/logs/bridge_tail.log
Mirrored log tail /home/fiste/Noema/bridge/logs/bridge.log -> /home/fiste/Noema/symnozein/body/bridge/logs/bridge_tail.log. Changed files: 1
Scripts mirror complete. Changed files: 0
Staged outbound changes:
M	body/bridge/logs/bridge_tail.log
M	body/bridge/state_summary/latest.md
Commit message in code: Sync RPi bridge outbound state
From https://github.com/fisteque/symnozein
 * branch            main       -> FETCH_HEAD
Local branch is not behind remote; no pre-push rebase needed.
Only logs/state_summary changed; not committing this cycle.
[2026-05-24T22:32:38.347035Z] [INFO] [cycle] Bridge cycle complete.
[2026-05-24T22:35:47.677523Z] [INFO] [cycle] Bridge cycle lock acquired: /home/fiste/Noema/bridge/state/bridge_cycle.lock.json
[2026-05-24T22:35:47.680660Z] [INFO] [cycle] == inbound sync ==
[2026-05-24T22:35:48.124500Z] [INFO] [cycle] Fetching origin main...
From https://github.com/fisteque/symnozein
 * branch            main       -> FETCH_HEAD
No inbound changes for body/bridge/inbox/messages.
[2026-05-24T22:35:48.125243Z] [INFO] [cycle] == bridge agent ==
[2026-05-24T22:35:48.193181Z] [INFO] === Bridge agent v2 start ===
[2026-05-24T22:35:48.193483Z] [INFO] Bridge root: /home/fiste/Noema/bridge
[2026-05-24T22:35:48.193660Z] [INFO] Body root: /home/fiste/Noema/symnozein/body
[2026-05-24T22:35:48.194334Z] [INFO] Body state unchanged: awake=True status=normal_operation
[2026-05-24T22:35:48.196371Z] [INFO] Inbox message files found: 1
[2026-05-24T22:35:48.197242Z] [INFO] Already processed: msg-20260524-task-001
[2026-05-24T22:35:48.250816Z] [INFO] Pending message count this run: 0
[2026-05-24T22:35:48.251000Z] [INFO] Pending message count remaining: 0
[2026-05-24T22:35:48.251154Z] [INFO] Processed message count: 0
[2026-05-24T22:35:48.251297Z] [INFO] === Bridge agent v2 end ===
[2026-05-24T22:35:48.267858Z] [INFO] [cycle] [2026-05-24T22:35:48.193181Z] [INFO] === Bridge agent v2 start ===
[2026-05-24T22:35:48.193483Z] [INFO] Bridge root: /home/fiste/Noema/bridge
[2026-05-24T22:35:48.193660Z] [INFO] Body root: /home/fiste/Noema/symnozein/body
[2026-05-24T22:35:48.194334Z] [INFO] Body state unchanged: awake=True status=normal_operation
[2026-05-24T22:35:48.196371Z] [INFO] Inbox message files found: 1
[2026-05-24T22:35:48.197242Z] [INFO] Already processed: msg-20260524-task-001
[2026-05-24T22:35:48.250816Z] [INFO] Pending message count this run: 0
[2026-05-24T22:35:48.251000Z] [INFO] Pending message count remaining: 0
[2026-05-24T22:35:48.251154Z] [INFO] Processed message count: 0
[2026-05-24T22:35:48.251297Z] [INFO] === Bridge agent v2 end ===
[2026-05-24T22:35:48.268604Z] [INFO] [cycle] == write bridge summary ==
[2026-05-24T22:35:48.323343Z] [INFO] [cycle] Wrote bridge summary: /home/fiste/Noema/symnozein/body/bridge/state_summary/latest.md
[2026-05-24T22:35:48.324055Z] [INFO] [cycle] == outbound sync ==
